The target system is: Generic -  - 
The host system is: Windows - 10.0.22621 - AMD64
Compiling the C compiler identification source file "CMakeCCompilerId.c" succeeded.
Compiler: C:/Program Files/JetBrains/CLion 2022.3.2/bin/mingw/bin/gcc.exe 
Build flags: 
Id flags:  

The output was:
0


Compilation of the C compiler identification source "CMakeCCompilerId.c" produced "a.exe"

The C compiler identification is GNU, found in "C:/Users/45552/Desktop/VIA_UC/Semester4/SEP4/IOT-LoRaWAN-receive/cmake-build-megaatmega2560/CMakeFiles/3.24.2/CompilerIdC/a.exe"

Compiling the CXX compiler identification source file "CMakeCXXCompilerId.cpp" succeeded.
Compiler: C:/Program Files/JetBrains/CLion 2022.3.2/bin/mingw/bin/g++.exe 
Build flags: 
Id flags:  

The output was:
0


Compilation of the CXX compiler identification source "CMakeCXXCompilerId.cpp" produced "a.exe"

The CXX compiler identification is GNU, found in "C:/Users/45552/Desktop/VIA_UC/Semester4/SEP4/IOT-LoRaWAN-receive/cmake-build-megaatmega2560/CMakeFiles/3.24.2/CompilerIdCXX/a.exe"

Performing C SOURCE FILE Test CMAKE_HAVE_LIBC_PTHREAD succeeded with the following output:
Change Dir: C:/Users/45552/Desktop/VIA_UC/Semester4/SEP4/IOT-LoRaWAN-receive/cmake-build-megaatmega2560/CMakeFiles/CMakeTmp

Run Build Command(s):C:/PROGRA~1/JETBRA~1/CLION2~1.2/bin/mingw/bin/mingw32-make.exe -f Makefile cmTC_fd0a8/fast && C:/PROGRA~1/JETBRA~1/CLION2~1.2/bin/mingw/bin/mingw32-make.exe  -f CMakeFiles\cmTC_fd0a8.dir\build.make CMakeFiles/cmTC_fd0a8.dir/build
mingw32-make[1]: Entering directory 'C:/Users/45552/Desktop/VIA_UC/Semester4/SEP4/IOT-LoRaWAN-receive/cmake-build-megaatmega2560/CMakeFiles/CMakeTmp'
Building C object CMakeFiles/cmTC_fd0a8.dir/src.c.obj
C:\PROGRA~1\JETBRA~1\CLION2~1.2\bin\mingw\bin\gcc.exe -DCMAKE_HAVE_LIBC_PTHREAD  -fdiagnostics-color=always -o CMakeFiles\cmTC_fd0a8.dir\src.c.obj -c C:\Users\45552\Desktop\VIA_UC\Semester4\SEP4\IOT-LoRaWAN-receive\cmake-build-megaatmega2560\CMakeFiles\CMakeTmp\src.c
Linking C executable cmTC_fd0a8
"C:\Program Files\JetBrains\CLion 2022.3.2\bin\cmake\win\x64\bin\cmake.exe" -E cmake_link_script CMakeFiles\cmTC_fd0a8.dir\link.txt --verbose=1
C:\PROGRA~1\JETBRA~1\CLION2~1.2\bin\mingw\bin\gcc.exe CMakeFiles/cmTC_fd0a8.dir/src.c.obj -o cmTC_fd0a8 
mingw32-make[1]: Leaving directory 'C:/Users/45552/Desktop/VIA_UC/Semester4/SEP4/IOT-LoRaWAN-receive/cmake-build-megaatmega2560/CMakeFiles/CMakeTmp'


Source file was:
#include <pthread.h>

static void* test_func(void* data)
{
  return data;
}

int main(void)
{
  pthread_t thread;
  pthread_create(&thread, NULL, test_func, NULL);
  pthread_detach(thread);
  pthread_cancel(thread);
  pthread_join(thread, NULL);
  pthread_atfork(NULL, NULL, NULL);
  pthread_exit(NULL);

  return 0;
}

